c:\users\potatoe\source\repos\shapes\shapes\x64\debug\vc141.pdb
c:\users\potatoe\source\repos\shapes\shapes\x64\debug\vc141.idb
c:\users\potatoe\source\repos\shapes\shapes\x64\debug\glad.obj
c:\users\potatoe\source\repos\shapes\shapes\x64\debug\vc142.pdb
c:\users\potatoe\source\repos\shapes\shapes\x64\debug\vc142.idb
c:\users\potatoe\source\repos\shapes\shapes\x64\debug\shader.obj
c:\users\potatoe\source\repos\shapes\shapes\x64\debug\resource_manager.obj
c:\users\potatoe\source\repos\shapes\shapes\x64\debug\render_object.obj
c:\users\potatoe\source\repos\shapes\shapes\x64\debug\main.obj
c:\users\potatoe\source\repos\shapes\shapes\x64\debug\scene.obj
c:\users\potatoe\source\repos\shapes\shapes\x64\debug\light.obj
c:\users\potatoe\source\repos\shapes\shapes\x64\debug\camera.obj
c:\users\potatoe\source\repos\shapes\x64\debug\shapes.pdb
c:\users\potatoe\source\repos\shapes\shapes\x64\debug\shapes.tlog\cl.command.1.tlog
c:\users\potatoe\source\repos\shapes\shapes\x64\debug\shapes.tlog\cl.read.1.tlog
c:\users\potatoe\source\repos\shapes\shapes\x64\debug\shapes.tlog\cl.write.1.tlog
c:\users\potatoe\source\repos\shapes\shapes\x64\debug\shapes.tlog\link-cvtres.read.1.tlog
c:\users\potatoe\source\repos\shapes\shapes\x64\debug\shapes.tlog\link-cvtres.write.1.tlog
c:\users\potatoe\source\repos\shapes\shapes\x64\debug\shapes.tlog\link-rc.read.1.tlog
c:\users\potatoe\source\repos\shapes\shapes\x64\debug\shapes.tlog\link-rc.write.1.tlog
c:\users\potatoe\source\repos\shapes\shapes\x64\debug\shapes.tlog\link.command.1.tlog
c:\users\potatoe\source\repos\shapes\shapes\x64\debug\shapes.tlog\link.read.1.tlog
c:\users\potatoe\source\repos\shapes\shapes\x64\debug\shapes.tlog\link.write.1.tlog
